<?xml version="1.0" encoding="UTF-8"?>
<!-- Generated by org.testng.reporters.JUnitXMLReporter -->
<testsuite hostname="DESKTOP-A5J83K1" ignored="0" name="Default test" tests="3" failures="0" timestamp="2022-09-09T12:13:52 IST" time="52.857" errors="0">
  <testcase name="noCommerceLoginTest" time="0.356" classname="ExtendReport_Demo.NopCommerceTest"/>
  <testcase name="noCommerceLogoTest" time="0.066" classname="ExtendReport_Demo.NopCommerceTest"/>
  <testcase name="noCommerceTitleTest" time="0.03" classname="ExtendReport_Demo.NopCommerceTest"/>
</testsuite> <!-- Default test -->
